

Results Using the Test Set

MAP: 10 elements
MAP 0: 0.29283314760619417
MAP 1: 0.1985260003606631
MAP 2: 0.3267372178002616
MAP 3: 0.25461379825948044
MAP 4: 0.3008994491173984
MAP 5: 0.3033995562292409
MAP 6: 0.3266445450736228
MAP 7: 0.09616085457025454
MAP 8: 0.01636668896031808
MAP 9: 0.23374209690456355
MAP 10: 0.3378368671448649
MAP 11: 0.3428861875521971
MAP 12: 0.3083525167446185
MAP 13: 0.3162317700040156
Baselines Rankings
MAP 0: 0.07375771764806698
MAP 1: 0.3588933997762483
MAP 2: 0.07375771764806698
MAP 3: 0.34133541370110715


MAP: 10 Elements

MAP 0: 0.29283314760619417
MAP 1: 0.1985260003606631
MAP 2: 0.3267372178002616
MAP 3: 0.25461379825948044
MAP 4: 0.3008994491173984
MAP 5: 0.3033995562292409
MAP 6: 0.3266445450736228
MAP 7: 0.09616085457025454
MAP 8: 0.01636668896031808
MAP 9: 0.23374209690456355
MAP 10: 0.3378368671448649
MAP 11: 0.3428861875521971
MAP 12: 0.3083525167446185
MAP 13: 0.3162317700040156
Baselines Rankings
MAP 0: 0.07375771764806698
MAP 1: 0.3588933997762483
MAP 2: 0.07375771764806698
MAP 3: 0.34133541370110715
Best Individual
0.34506880616977
