MAP 0 : MultiCoreBPRMF.out
MAP 1 : RankALS_librec.out
MAP 2 : LDA_librec.out
MAP 3 : ItemKNN.out
MAP 4 : BPRSLIM.out
MAP 5 : Poisson.out
MAP 6 : WRMF.out
MAP 7 : CofiRank.out
MAP 8 : FISM_librec.out
MAP 9 : SoftMarginRankingMF.out
MAP 10 : LeastSquareSLIM.out
MAP 11 : Hybrid_librec.out
MAP 12 : libfm.out
MAP 13 : MostPopular.out


Results using the Validation Set

MAP: 10 elements
MAP 0: 0.1819323637873085
MAP 1: 0.1521126400127639
MAP 2: 0.21690828280691846
MAP 3: 0.1442041945796932
MAP 4: 0.19854482306882104
MAP 5: 0.19550628970332257
MAP 6: 0.19262745869639453
MAP 7: 0.09041343832372217
MAP 8: 0.014309049679751577
MAP 9: 0.15022786625695608
MAP 10: 0.20888797604020012
MAP 11: 0.22537676410806828
MAP 12: 0.20082839459810994
MAP 13: 0.20542205822919518
Baselines Rankings
MAP 0: 0.049000489637009176
MAP 1: 0.22564869349930228
MAP 2: 0.049000489637009176


MAP: 10 Elements

MAP 0: 0.1819323637873085
MAP 1: 0.1521126400127639
MAP 2: 0.21690828280691846
MAP 3: 0.1442041945796932
MAP 4: 0.19854482306882104
MAP 5: 0.19550628970332257
MAP 6: 0.19262745869639453
MAP 7: 0.09041343832372217
MAP 8: 0.014309049679751577
MAP 9: 0.15022786625695608
MAP 10: 0.20888797604020012
MAP 11: 0.22537676410806828
MAP 12: 0.20082839459810994
MAP 13: 0.20542205822919518
Baselines Rankings
MAP 0: 0.049000489637009176
MAP 1: 0.22564869349930228
MAP 2: 0.049000489637009176


Results Using the Test Set

MAP: 10 elements
MAP 0: 0.19133124533184204
MAP 1: 0.14233983821955173
MAP 2: 0.22039338083184
MAP 3: 0.14413039052338367
MAP 4: 0.18888321635760902
MAP 5: 0.20108779010523187
MAP 6: 0.1928377901851659
MAP 7: 0.08904099410021589
MAP 8: 0.01400594694542603
MAP 9: 0.16190930756350294
MAP 10: 0.21352780007942257
MAP 11: 0.2245109748872285
MAP 12: 0.2111186796818746
MAP 13: 0.21807979940190034
Baselines Rankings
MAP 0: 0.048440292101988414
MAP 1: 0.22993955834589894
MAP 2: 0.048440292101988414


MAP: 10 Elements

MAP 0: 0.19133124533184204
MAP 1: 0.14233983821955173
MAP 2: 0.22039338083184
MAP 3: 0.14413039052338367
MAP 4: 0.18888321635760902
MAP 5: 0.20108779010523187
MAP 6: 0.1928377901851659
MAP 7: 0.08904099410021589
MAP 8: 0.01400594694542603
MAP 9: 0.16190930756350294
MAP 10: 0.21352780007942257
MAP 11: 0.2245109748872285
MAP 12: 0.2111186796818746
MAP 13: 0.21807979940190034
Baselines Rankings
MAP 0: 0.048440292101988414
MAP 1: 0.22993955834589894
MAP 2: 0.048440292101988414
